{"/Users/jerbs/Development/clients/neuefische/tools/pprettier/src/addPrettierrc.js": {"path":"/Users/jerbs/Development/clients/neuefische/tools/pprettier/src/addPrettierrc.js","statementMap":{"0":{"start":{"line":4,"column":21},"end":{"line":4,"column":59}},"1":{"start":{"line":10,"column":21},"end":{"line":10,"column":74}},"2":{"start":{"line":11,"column":2},"end":{"line":11,"column":58}}},"fnMap":{"0":{"name":"addPrettierrc","decl":{"start":{"line":6,"column":24},"end":{"line":6,"column":37}},"loc":{"start":{"line":9,"column":8},"end":{"line":12,"column":1}},"line":9}},"branchMap":{"0":{"loc":{"start":{"line":6,"column":38},"end":{"line":9,"column":6}},"type":"default-arg","locations":[{"start":{"line":9,"column":4},"end":{"line":9,"column":6}}],"line":6},"1":{"loc":{"start":{"line":8,"column":2},"end":{"line":8,"column":31}},"type":"default-arg","locations":[{"start":{"line":8,"column":19},"end":{"line":8,"column":31}}],"line":8}},"s":{"0":1,"1":3,"2":3},"f":{"0":3},"b":{"0":[1],"1":[2]},"_coverageSchema":"1a1c01bbd47fc00a2c39e90264f33305004495a9","hash":"b0c12d6736541e98e4e159866d4c0aa405abec05"}
,"/Users/jerbs/Development/clients/neuefische/tools/pprettier/src/askForUserInput.js": {"path":"/Users/jerbs/Development/clients/neuefische/tools/pprettier/src/askForUserInput.js","statementMap":{"0":{"start":{"line":7,"column":2},"end":{"line":28,"column":6}},"1":{"start":{"line":17,"column":6},"end":{"line":27,"column":7}},"2":{"start":{"line":19,"column":8},"end":{"line":21,"column":9}},"3":{"start":{"line":24,"column":8},"end":{"line":26,"column":9}}},"fnMap":{"0":{"name":"askForUserInput","decl":{"start":{"line":6,"column":24},"end":{"line":6,"column":39}},"loc":{"start":{"line":6,"column":42},"end":{"line":29,"column":1}},"line":6},"1":{"name":"(anonymous_1)","decl":{"start":{"line":16,"column":11},"end":{"line":16,"column":12}},"loc":{"start":{"line":16,"column":20},"end":{"line":28,"column":5}},"line":16}},"branchMap":{"0":{"loc":{"start":{"line":17,"column":6},"end":{"line":27,"column":7}},"type":"if","locations":[{"start":{"line":17,"column":6},"end":{"line":27,"column":7}},{"start":{"line":17,"column":6},"end":{"line":27,"column":7}}],"line":17}},"s":{"0":3,"1":2,"2":1,"3":1},"f":{"0":3,"1":2},"b":{"0":[1,1]},"_coverageSchema":"1a1c01bbd47fc00a2c39e90264f33305004495a9","hash":"905859d225da2625a2a92850eaf0fe81c5308330"}
,"/Users/jerbs/Development/clients/neuefische/tools/pprettier/src/checkForGlobalConfig.js": {"path":"/Users/jerbs/Development/clients/neuefische/tools/pprettier/src/checkForGlobalConfig.js","statementMap":{"0":{"start":{"line":5,"column":31},"end":{"line":5,"column":58}},"1":{"start":{"line":8,"column":2},"end":{"line":13,"column":3}},"2":{"start":{"line":9,"column":4},"end":{"line":9,"column":36}},"3":{"start":{"line":10,"column":4},"end":{"line":10,"column":17}},"4":{"start":{"line":12,"column":4},"end":{"line":12,"column":18}},"5":{"start":{"line":14,"column":2},"end":{"line":14,"column":61}}},"fnMap":{"0":{"name":"checkForGlobalConfig","decl":{"start":{"line":4,"column":24},"end":{"line":4,"column":44}},"loc":{"start":{"line":4,"column":47},"end":{"line":15,"column":1}},"line":4}},"branchMap":{},"s":{"0":3,"1":3,"2":3,"3":2,"4":1,"5":3},"f":{"0":3},"b":{},"_coverageSchema":"1a1c01bbd47fc00a2c39e90264f33305004495a9","hash":"4dba3f169c4f4386ffbba33c5b9dc5ce2cb54c0f"}
,"/Users/jerbs/Development/clients/neuefische/tools/pprettier/src/doesExist.js": {"path":"/Users/jerbs/Development/clients/neuefische/tools/pprettier/src/doesExist.js","statementMap":{"0":{"start":{"line":4,"column":2},"end":{"line":7,"column":40}},"1":{"start":{"line":6,"column":16},"end":{"line":6,"column":37}},"2":{"start":{"line":7,"column":17},"end":{"line":7,"column":39}}},"fnMap":{"0":{"name":"doesExist","decl":{"start":{"line":3,"column":24},"end":{"line":3,"column":33}},"loc":{"start":{"line":3,"column":44},"end":{"line":8,"column":1}},"line":3},"1":{"name":"(anonymous_1)","decl":{"start":{"line":6,"column":10},"end":{"line":6,"column":11}},"loc":{"start":{"line":6,"column":16},"end":{"line":6,"column":37}},"line":6},"2":{"name":"(anonymous_2)","decl":{"start":{"line":7,"column":11},"end":{"line":7,"column":12}},"loc":{"start":{"line":7,"column":17},"end":{"line":7,"column":39}},"line":7}},"branchMap":{},"s":{"0":3,"1":2,"2":1},"f":{"0":3,"1":2,"2":1},"b":{},"_coverageSchema":"1a1c01bbd47fc00a2c39e90264f33305004495a9","hash":"2c0de67e9b9adb3490f6f273f588110d5f69e765"}
,"/Users/jerbs/Development/clients/neuefische/tools/pprettier/src/exitWithMessage.js": {"path":"/Users/jerbs/Development/clients/neuefische/tools/pprettier/src/exitWithMessage.js","statementMap":{"0":{"start":{"line":4,"column":2},"end":{"line":4,"column":22}},"1":{"start":{"line":5,"column":2},"end":{"line":5,"column":35}},"2":{"start":{"line":6,"column":2},"end":{"line":6,"column":17}}},"fnMap":{"0":{"name":"exitWithMessage","decl":{"start":{"line":3,"column":24},"end":{"line":3,"column":39}},"loc":{"start":{"line":3,"column":63},"end":{"line":7,"column":1}},"line":3}},"branchMap":{},"s":{"0":3,"1":3,"2":3},"f":{"0":3},"b":{},"_coverageSchema":"1a1c01bbd47fc00a2c39e90264f33305004495a9","hash":"fec89cc6d41aa2215836501dfdce0a72901f88c1"}
,"/Users/jerbs/Development/clients/neuefische/tools/pprettier/src/findProject.js": {"path":"/Users/jerbs/Development/clients/neuefische/tools/pprettier/src/findProject.js","statementMap":{"0":{"start":{"line":6,"column":14},"end":{"line":6,"column":15}},"1":{"start":{"line":7,"column":21},"end":{"line":7,"column":26}},"2":{"start":{"line":8,"column":2},"end":{"line":11,"column":3}},"3":{"start":{"line":9,"column":4},"end":{"line":9,"column":71}},"4":{"start":{"line":10,"column":4},"end":{"line":10,"column":42}},"5":{"start":{"line":12,"column":18},"end":{"line":14,"column":26}},"6":{"start":{"line":16,"column":2},"end":{"line":16,"column":34}},"7":{"start":{"line":18,"column":2},"end":{"line":20,"column":3}},"8":{"start":{"line":19,"column":4},"end":{"line":19,"column":21}},"9":{"start":{"line":21,"column":2},"end":{"line":21,"column":37}}},"fnMap":{"0":{"name":"findProject","decl":{"start":{"line":5,"column":30},"end":{"line":5,"column":41}},"loc":{"start":{"line":5,"column":54},"end":{"line":22,"column":1}},"line":5}},"branchMap":{"0":{"loc":{"start":{"line":8,"column":9},"end":{"line":8,"column":37}},"type":"binary-expr","locations":[{"start":{"line":8,"column":9},"end":{"line":8,"column":20}},{"start":{"line":8,"column":24},"end":{"line":8,"column":37}}],"line":8},"1":{"loc":{"start":{"line":12,"column":18},"end":{"line":14,"column":26}},"type":"cond-expr","locations":[{"start":{"line":13,"column":6},"end":{"line":13,"column":61}},{"start":{"line":14,"column":6},"end":{"line":14,"column":26}}],"line":12},"2":{"loc":{"start":{"line":18,"column":2},"end":{"line":20,"column":3}},"type":"if","locations":[{"start":{"line":18,"column":2},"end":{"line":20,"column":3}},{"start":{"line":18,"column":2},"end":{"line":20,"column":3}}],"line":18}},"s":{"0":5,"1":5,"2":5,"3":10,"4":10,"5":5,"6":5,"7":5,"8":3,"9":2},"f":{"0":5},"b":{"0":[15,13],"1":[3,2],"2":[3,2]},"_coverageSchema":"1a1c01bbd47fc00a2c39e90264f33305004495a9","hash":"aac62abca4cdbbcf380485957ae7cc6751ca85d5"}
,"/Users/jerbs/Development/clients/neuefische/tools/pprettier/src/getOptions.js": {"path":"/Users/jerbs/Development/clients/neuefische/tools/pprettier/src/getOptions.js","statementMap":{"0":{"start":{"line":4,"column":16},"end":{"line":7,"column":33}},"1":{"start":{"line":9,"column":2},"end":{"line":20,"column":56}},"2":{"start":{"line":22,"column":2},"end":{"line":24,"column":4}}},"fnMap":{"0":{"name":"getOptions","decl":{"start":{"line":3,"column":24},"end":{"line":3,"column":34}},"loc":{"start":{"line":3,"column":44},"end":{"line":25,"column":1}},"line":3}},"branchMap":{},"s":{"0":0,"1":0,"2":0},"f":{"0":0},"b":{}}
,"/Users/jerbs/Development/clients/neuefische/tools/pprettier/src/printPrettierrcSync.js": {"path":"/Users/jerbs/Development/clients/neuefische/tools/pprettier/src/printPrettierrcSync.js","statementMap":{"0":{"start":{"line":1,"column":14},"end":{"line":1,"column":30}},"1":{"start":{"line":2,"column":11},"end":{"line":2,"column":24}},"2":{"start":{"line":4,"column":0},"end":{"line":9,"column":1}},"3":{"start":{"line":5,"column":2},"end":{"line":8,"column":3}}},"fnMap":{"0":{"name":"printPrettierrcSync","decl":{"start":{"line":4,"column":26},"end":{"line":4,"column":45}},"loc":{"start":{"line":4,"column":56},"end":{"line":9,"column":1}},"line":4}},"branchMap":{},"s":{"0":0,"1":0,"2":0,"3":0},"f":{"0":0},"b":{}}
}
