{"/Users/jerbs/Development/clients/neuefische/tools/pprettier/src/addPrettierrc.js": {"path":"/Users/jerbs/Development/clients/neuefische/tools/pprettier/src/addPrettierrc.js","statementMap":{"0":{"start":{"line":4,"column":21},"end":{"line":4,"column":59}},"1":{"start":{"line":10,"column":21},"end":{"line":10,"column":74}},"2":{"start":{"line":11,"column":2},"end":{"line":11,"column":58}}},"fnMap":{"0":{"name":"addPrettierrc","decl":{"start":{"line":6,"column":24},"end":{"line":6,"column":37}},"loc":{"start":{"line":9,"column":8},"end":{"line":12,"column":1}},"line":9}},"branchMap":{"0":{"loc":{"start":{"line":6,"column":38},"end":{"line":9,"column":6}},"type":"default-arg","locations":[{"start":{"line":9,"column":4},"end":{"line":9,"column":6}}],"line":6},"1":{"loc":{"start":{"line":8,"column":2},"end":{"line":8,"column":31}},"type":"default-arg","locations":[{"start":{"line":8,"column":19},"end":{"line":8,"column":31}}],"line":8}},"s":{"0":1,"1":3,"2":3},"f":{"0":3},"b":{"0":[1],"1":[2]},"_coverageSchema":"1a1c01bbd47fc00a2c39e90264f33305004495a9","hash":"b0c12d6736541e98e4e159866d4c0aa405abec05"}
,"/Users/jerbs/Development/clients/neuefische/tools/pprettier/src/checkForGlobalConfig.js": {"path":"/Users/jerbs/Development/clients/neuefische/tools/pprettier/src/checkForGlobalConfig.js","statementMap":{"0":{"start":{"line":5,"column":31},"end":{"line":5,"column":58}},"1":{"start":{"line":8,"column":2},"end":{"line":13,"column":3}},"2":{"start":{"line":9,"column":4},"end":{"line":9,"column":36}},"3":{"start":{"line":10,"column":4},"end":{"line":10,"column":17}},"4":{"start":{"line":12,"column":4},"end":{"line":12,"column":18}},"5":{"start":{"line":14,"column":2},"end":{"line":14,"column":61}}},"fnMap":{"0":{"name":"checkForGlobalConfig","decl":{"start":{"line":4,"column":24},"end":{"line":4,"column":44}},"loc":{"start":{"line":4,"column":47},"end":{"line":15,"column":1}},"line":4}},"branchMap":{},"s":{"0":3,"1":3,"2":3,"3":2,"4":1,"5":3},"f":{"0":3},"b":{},"_coverageSchema":"1a1c01bbd47fc00a2c39e90264f33305004495a9","hash":"4dba3f169c4f4386ffbba33c5b9dc5ce2cb54c0f"}
}
